nohup: ignoring input
Configuration file: /home/martinus/static-projects/mausset.github.io/_config.yml
To use retry middleware with Faraday v2.0+, install `faraday-retry` gem
            Source: /home/martinus/static-projects/mausset.github.io
       Destination: /home/martinus/static-projects/mausset.github.io/_site
 Incremental build: disabled. Enable with --incremental
      Generating... 
                    done in 1.9 seconds.
 Auto-regeneration: enabled for '/home/martinus/static-projects/mausset.github.io'
    Server address: http://127.0.0.1:4000
  Server running... press ctrl-c to stop.
      Regenerating: 1 file(s) changed at 2026-01-28 20:57:34
                    jekyll.log
                    ...done in 1.804464045 seconds.
                    
      Regenerating: 1 file(s) changed at 2026-01-28 20:57:36
                    jekyll.log
                    ...done in 1.791293111 seconds.
                    
      Regenerating: 1 file(s) changed at 2026-01-28 20:57:38
                    jekyll.log
                    ...done in 1.785555501 seconds.
                    
      Regenerating: 1 file(s) changed at 2026-01-28 20:57:40
                    jekyll.log
                    ...done in 1.791620824 seconds.
                    
      Regenerating: 1 file(s) changed at 2026-01-28 20:57:42
                    jekyll.log
                    ...done in 2.292457602 seconds.
                    
      Regenerating: 1 file(s) changed at 2026-01-28 20:57:44
                    jekyll.log
                    ...done in 1.880393309 seconds.
                    
      Regenerating: 1 file(s) changed at 2026-01-28 20:57:46
                    jekyll.log
                    ...done in 1.654215068 seconds.
                    
      Regenerating: 1 file(s) changed at 2026-01-28 20:57:48
                    jekyll.log
                    ...done in 1.606152342 seconds.
                    
      Regenerating: 1 file(s) changed at 2026-01-28 20:57:50
                    jekyll.log
                    ...done in 1.72616067 seconds.
                    
      Regenerating: 1 file(s) changed at 2026-01-28 20:57:52
                    jekyll.log
                    ...done in 1.758228667 seconds.
                    
      Regenerating: 1 file(s) changed at 2026-01-28 20:57:54
                    jekyll.log
                    ...done in 1.815465696 seconds.
                    
      Regenerating: 1 file(s) changed at 2026-01-28 20:57:55
                    jekyll.log
                    ...done in 1.806584552 seconds.
                    
      Regenerating: 1 file(s) changed at 2026-01-28 20:57:57
                    jekyll.log
                    ...done in 1.793172129 seconds.
                    
      Regenerating: 1 file(s) changed at 2026-01-28 20:57:59
                    jekyll.log
                    ...done in 1.791289135 seconds.
                    
      Regenerating: 1 file(s) changed at 2026-01-28 20:58:01
                    jekyll.log
                    ...done in 1.801165912 seconds.
                    
      Regenerating: 1 file(s) changed at 2026-01-28 20:58:03
                    jekyll.log
                    ...done in 1.629193462 seconds.
                    
      Regenerating: 1 file(s) changed at 2026-01-28 20:58:05
                    jekyll.log
                    ...done in 1.724430649 seconds.
                    
      Regenerating: 1 file(s) changed at 2026-01-28 20:58:07
                    jekyll.log
                    ...done in 1.740306568 seconds.
                    
      Regenerating: 1 file(s) changed at 2026-01-28 20:58:08
                    jekyll.log
                    ...done in 1.726299462 seconds.
                    
      Regenerating: 1 file(s) changed at 2026-01-28 20:58:10
                    jekyll.log
                    ...done in 1.847018188 seconds.
                    
      Regenerating: 1 file(s) changed at 2026-01-28 20:58:12
                    jekyll.log
                    ...done in 1.827122864 seconds.
                    
      Regenerating: 1 file(s) changed at 2026-01-28 20:58:14
                    jekyll.log
                    ...done in 1.876522005 seconds.
                    
      Regenerating: 1 file(s) changed at 2026-01-28 20:58:16
                    jekyll.log
                    ...done in 1.748139605 seconds.
                    
      Regenerating: 1 file(s) changed at 2026-01-28 20:58:18
                    jekyll.log
                    ...done in 1.723523719 seconds.
                    
      Regenerating: 1 file(s) changed at 2026-01-28 20:58:20
                    jekyll.log
                    ...done in 1.725357034 seconds.
                    
      Regenerating: 1 file(s) changed at 2026-01-28 20:58:22
                    jekyll.log
                    ...done in 1.685321702 seconds.
                    
      Regenerating: 1 file(s) changed at 2026-01-28 20:58:23
                    jekyll.log
                    ...done in 1.667264505 seconds.
                    
      Regenerating: 1 file(s) changed at 2026-01-28 20:58:25
                    jekyll.log
                    ...done in 1.725729041 seconds.
                    
      Regenerating: 1 file(s) changed at 2026-01-28 20:58:27
                    jekyll.log
                    ...done in 1.85460061 seconds.
                    
      Regenerating: 1 file(s) changed at 2026-01-28 20:58:29
                    jekyll.log
                    ...done in 1.673650403 seconds.
                    
      Regenerating: 1 file(s) changed at 2026-01-28 20:58:31
                    jekyll.log
                    ...done in 1.853511193 seconds.
                    
      Regenerating: 1 file(s) changed at 2026-01-28 20:58:33
                    jekyll.log
                    ...done in 1.698129185 seconds.
                    
      Regenerating: 1 file(s) changed at 2026-01-28 20:58:34
                    jekyll.log
                    ...done in 1.8170113 seconds.
                    
      Regenerating: 1 file(s) changed at 2026-01-28 20:58:36
                    jekyll.log
                    ...done in 1.737959733 seconds.
                    
      Regenerating: 1 file(s) changed at 2026-01-28 20:58:38
                    jekyll.log
                    ...done in 1.770825432 seconds.
                    
      Regenerating: 1 file(s) changed at 2026-01-28 20:58:40
                    jekyll.log
                    ...done in 1.944332418 seconds.
                    
      Regenerating: 1 file(s) changed at 2026-01-28 20:58:42
                    jekyll.log
                    ...done in 1.816697424 seconds.
                    
      Regenerating: 1 file(s) changed at 2026-01-28 20:58:44
                    jekyll.log
                    ...done in 1.844443867 seconds.
                    
      Regenerating: 1 file(s) changed at 2026-01-28 20:58:46
                    jekyll.log
                    ...done in 1.833017423 seconds.
                    
      Regenerating: 1 file(s) changed at 2026-01-28 20:58:48
                    jekyll.log
                    ...done in 1.793385273 seconds.
                    
      Regenerating: 1 file(s) changed at 2026-01-28 20:58:50
                    jekyll.log
                    ...done in 1.745064969 seconds.
                    
      Regenerating: 1 file(s) changed at 2026-01-28 20:58:52
                    jekyll.log
                    ...done in 1.748213709 seconds.
                    
      Regenerating: 1 file(s) changed at 2026-01-28 20:58:54
                    jekyll.log
                    ...done in 1.762273362 seconds.
                    
      Regenerating: 1 file(s) changed at 2026-01-28 20:58:55
                    jekyll.log
                    ...done in 1.880543267 seconds.
                    
      Regenerating: 1 file(s) changed at 2026-01-28 20:58:57
                    jekyll.log
                    ...done in 1.880141371 seconds.
                    
      Regenerating: 1 file(s) changed at 2026-01-28 20:58:59
                    jekyll.log
                    ...done in 1.691258886 seconds.
                    
      Regenerating: 1 file(s) changed at 2026-01-28 20:59:01
                    jekyll.log
                    ...done in 1.900370249 seconds.
                    
      Regenerating: 1 file(s) changed at 2026-01-28 20:59:03
                    jekyll.log
                    ...done in 1.739547883 seconds.
                    
      Regenerating: 1 file(s) changed at 2026-01-28 20:59:05
                    jekyll.log
                    ...done in 1.914013176 seconds.
                    
      Regenerating: 1 file(s) changed at 2026-01-28 20:59:07
                    jekyll.log
                    ...done in 1.78591185 seconds.
                    
      Regenerating: 1 file(s) changed at 2026-01-28 20:59:09
                    jekyll.log
                    ...done in 1.800833421 seconds.
                    
      Regenerating: 1 file(s) changed at 2026-01-28 20:59:11
                    jekyll.log
                    ...done in 1.921580776 seconds.
                    
      Regenerating: 1 file(s) changed at 2026-01-28 20:59:13
                    jekyll.log
                    ...done in 1.773423002 seconds.
                    
      Regenerating: 1 file(s) changed at 2026-01-28 20:59:15
                    jekyll.log
                    ...done in 1.827524558 seconds.
                    
      Regenerating: 1 file(s) changed at 2026-01-28 20:59:17
                    jekyll.log
                    ...done in 1.7019691 seconds.
                    
      Regenerating: 1 file(s) changed at 2026-01-28 20:59:18
                    jekyll.log
                    ...done in 1.707079265 seconds.
                    
      Regenerating: 1 file(s) changed at 2026-01-28 20:59:20
                    jekyll.log
                    ...done in 1.715052667 seconds.
                    
      Regenerating: 1 file(s) changed at 2026-01-28 20:59:22
                    jekyll.log
                    ...done in 1.722321297 seconds.
                    
      Regenerating: 1 file(s) changed at 2026-01-28 20:59:24
                    jekyll.log
                    ...done in 1.701743287 seconds.
                    
      Regenerating: 1 file(s) changed at 2026-01-28 20:59:26
                    jekyll.log
                    ...done in 1.7422777 seconds.
                    
      Regenerating: 1 file(s) changed at 2026-01-28 20:59:28
                    jekyll.log
                    ...done in 1.645102651 seconds.
                    
      Regenerating: 1 file(s) changed at 2026-01-28 20:59:29
                    jekyll.log
                    ...done in 1.613711929 seconds.
                    
      Regenerating: 1 file(s) changed at 2026-01-28 20:59:31
                    jekyll.log
                    ...done in 1.651787907 seconds.
                    
      Regenerating: 1 file(s) changed at 2026-01-28 20:59:33
                    jekyll.log
                    ...done in 1.542182189 seconds.
                    
      Regenerating: 1 file(s) changed at 2026-01-28 20:59:34
                    jekyll.log
                    ...done in 1.658317135 seconds.
                    
      Regenerating: 1 file(s) changed at 2026-01-28 20:59:36
                    jekyll.log
                    ...done in 1.644596166 seconds.
                    
      Regenerating: 1 file(s) changed at 2026-01-28 20:59:38
                    jekyll.log
                    ...done in 1.569500137 seconds.
                    
      Regenerating: 1 file(s) changed at 2026-01-28 20:59:40
                    jekyll.log
                    ...done in 1.627938798 seconds.
                    
      Regenerating: 1 file(s) changed at 2026-01-28 20:59:41
                    jekyll.log
                    ...done in 1.627941681 seconds.
                    
      Regenerating: 1 file(s) changed at 2026-01-28 20:59:43
                    jekyll.log
                    ...done in 1.62655155 seconds.
                    
      Regenerating: 1 file(s) changed at 2026-01-28 20:59:45
                    jekyll.log
                    ...done in 1.636851803 seconds.
                    
      Regenerating: 1 file(s) changed at 2026-01-28 20:59:46
                    jekyll.log
                    ...done in 1.617994643 seconds.
                    
      Regenerating: 1 file(s) changed at 2026-01-28 20:59:48
                    jekyll.log
                    ...done in 1.582404202 seconds.
                    
      Regenerating: 1 file(s) changed at 2026-01-28 20:59:50
                    jekyll.log
                    ...done in 1.575129038 seconds.
                    
      Regenerating: 1 file(s) changed at 2026-01-28 20:59:52
                    jekyll.log
                    ...done in 1.55860291 seconds.
                    
      Regenerating: 1 file(s) changed at 2026-01-28 20:59:53
                    jekyll.log
                    ...done in 1.533976197 seconds.
                    
      Regenerating: 1 file(s) changed at 2026-01-28 20:59:55
                    jekyll.log
                    ...done in 1.641272085 seconds.
                    
      Regenerating: 1 file(s) changed at 2026-01-28 20:59:57
                    jekyll.log
                    ...done in 1.656997834 seconds.
                    
      Regenerating: 1 file(s) changed at 2026-01-28 20:59:58
                    jekyll.log
                    ...done in 1.633629256 seconds.
                    
      Regenerating: 1 file(s) changed at 2026-01-28 21:00:00
                    jekyll.log
                    ...done in 1.63422012 seconds.
                    
      Regenerating: 1 file(s) changed at 2026-01-28 21:00:02
                    jekyll.log
                    ...done in 1.806409272 seconds.
                    
      Regenerating: 1 file(s) changed at 2026-01-28 21:00:04
                    jekyll.log
                    ...done in 1.562326138 seconds.
                    
      Regenerating: 1 file(s) changed at 2026-01-28 21:00:05
                    jekyll.log
                    ...done in 1.614217823 seconds.
                    
      Regenerating: 1 file(s) changed at 2026-01-28 21:00:07
                    jekyll.log
                    ...done in 1.613580788 seconds.
                    
      Regenerating: 1 file(s) changed at 2026-01-28 21:00:09
                    jekyll.log
                    ...done in 1.570319943 seconds.
                    
      Regenerating: 1 file(s) changed at 2026-01-28 21:00:10
                    jekyll.log
                    ...done in 1.575887368 seconds.
                    
      Regenerating: 1 file(s) changed at 2026-01-28 21:00:12
                    jekyll.log
                    ...done in 1.626251196 seconds.
                    
      Regenerating: 1 file(s) changed at 2026-01-28 21:00:14
                    jekyll.log
                    ...done in 1.618000699 seconds.
                    
      Regenerating: 1 file(s) changed at 2026-01-28 21:00:16
                    jekyll.log
                    ...done in 1.550447805 seconds.
                    
      Regenerating: 1 file(s) changed at 2026-01-28 21:00:17
                    jekyll.log
                    ...done in 1.527314081 seconds.
                    
      Regenerating: 1 file(s) changed at 2026-01-28 21:00:19
                    jekyll.log
                    ...done in 1.529643599 seconds.
                    
      Regenerating: 1 file(s) changed at 2026-01-28 21:00:21
                    jekyll.log
                    ...done in 1.492932819 seconds.
                    
      Regenerating: 1 file(s) changed at 2026-01-28 21:00:22
                    jekyll.log
                    ...done in 1.543388602 seconds.
                    
      Regenerating: 1 file(s) changed at 2026-01-28 21:00:24
                    jekyll.log
                    ...done in 1.704424964 seconds.
                    
      Regenerating: 1 file(s) changed at 2026-01-28 21:00:26
                    jekyll.log
                    ...done in 1.707524076 seconds.
                    
      Regenerating: 1 file(s) changed at 2026-01-28 21:00:27
                    jekyll.log
                    ...done in 1.705565638 seconds.
                    
      Regenerating: 1 file(s) changed at 2026-01-28 21:00:29
                    jekyll.log
                    ...done in 1.732901084 seconds.
                    
      Regenerating: 1 file(s) changed at 2026-01-28 21:00:31
                    jekyll.log
                    ...done in 1.759004237 seconds.
                    
      Regenerating: 1 file(s) changed at 2026-01-28 21:00:33
                    jekyll.log
                    ...done in 1.981314742 seconds.
                    
      Regenerating: 1 file(s) changed at 2026-01-28 21:00:35
                    jekyll.log
                    ...done in 1.668039247 seconds.
                    
      Regenerating: 1 file(s) changed at 2026-01-28 21:00:37
                    jekyll.log
                    ...done in 1.574874299 seconds.
                    
      Regenerating: 1 file(s) changed at 2026-01-28 21:00:38
                    jekyll.log
                    ...done in 1.764438533 seconds.
                    
      Regenerating: 1 file(s) changed at 2026-01-28 21:00:40
                    jekyll.log
                    ...done in 1.861829912 seconds.
                    
      Regenerating: 1 file(s) changed at 2026-01-28 21:00:42
                    jekyll.log
                    ...done in 1.948590176 seconds.
                    
      Regenerating: 1 file(s) changed at 2026-01-28 21:00:44
                    jekyll.log
                    ...done in 1.811121734 seconds.
                    
      Regenerating: 1 file(s) changed at 2026-01-28 21:00:46
                    jekyll.log
                    ...done in 1.852511315 seconds.
                    
      Regenerating: 1 file(s) changed at 2026-01-28 21:00:48
                    jekyll.log
                    ...done in 1.79686214 seconds.
                    
      Regenerating: 1 file(s) changed at 2026-01-28 21:00:50
                    jekyll.log
                    ...done in 1.664588696 seconds.
                    
      Regenerating: 1 file(s) changed at 2026-01-28 21:00:52
                    jekyll.log
                    ...done in 1.829344905 seconds.
                    
      Regenerating: 1 file(s) changed at 2026-01-28 21:00:54
                    jekyll.log
                    ...done in 1.909151374 seconds.
                    
      Regenerating: 1 file(s) changed at 2026-01-28 21:00:56
                    jekyll.log
                    ...done in 1.713574214 seconds.
                    
      Regenerating: 1 file(s) changed at 2026-01-28 21:00:58
                    jekyll.log
                    ...done in 1.716217107 seconds.
                    
      Regenerating: 1 file(s) changed at 2026-01-28 21:00:59
                    jekyll.log
                    ...done in 1.673875295 seconds.
                    
      Regenerating: 1 file(s) changed at 2026-01-28 21:01:01
                    jekyll.log
                    ...done in 1.664197669 seconds.
                    
      Regenerating: 1 file(s) changed at 2026-01-28 21:01:03
                    jekyll.log
                    ...done in 1.641147731 seconds.
                    
      Regenerating: 1 file(s) changed at 2026-01-28 21:01:05
                    jekyll.log
                    ...done in 1.688927478 seconds.
                    
      Regenerating: 1 file(s) changed at 2026-01-28 21:01:06
                    jekyll.log
                    ...done in 1.611028203 seconds.
                    
      Regenerating: 1 file(s) changed at 2026-01-28 21:01:08
                    jekyll.log
                    ...done in 1.66520262 seconds.
                    
      Regenerating: 1 file(s) changed at 2026-01-28 21:01:10
                    jekyll.log
                    ...done in 1.69117999 seconds.
                    
      Regenerating: 1 file(s) changed at 2026-01-28 21:01:12
                    jekyll.log
                    ...done in 1.628880895 seconds.
                    
      Regenerating: 1 file(s) changed at 2026-01-28 21:01:13
                    jekyll.log
                    ...done in 1.756254668 seconds.
                    
      Regenerating: 1 file(s) changed at 2026-01-28 21:01:15
                    jekyll.log
                    ...done in 1.656663429 seconds.
                    
      Regenerating: 1 file(s) changed at 2026-01-28 21:01:17
                    jekyll.log
                    ...done in 1.652005376 seconds.
                    
      Regenerating: 1 file(s) changed at 2026-01-28 21:01:19
                    jekyll.log
                    ...done in 1.610054839 seconds.
                    
      Regenerating: 1 file(s) changed at 2026-01-28 21:01:21
                    jekyll.log
                    ...done in 1.515085321 seconds.
                    
      Regenerating: 1 file(s) changed at 2026-01-28 21:01:22
                    jekyll.log
                    ...done in 1.565629017 seconds.
                    
      Regenerating: 1 file(s) changed at 2026-01-28 21:01:24
                    jekyll.log
                    ...done in 1.632327769 seconds.
                    
      Regenerating: 1 file(s) changed at 2026-01-28 21:01:26
                    jekyll.log
                    ...done in 1.675674081 seconds.
                    
      Regenerating: 1 file(s) changed at 2026-01-28 21:01:27
                    jekyll.log
                    ...done in 1.695008772 seconds.
                    
      Regenerating: 1 file(s) changed at 2026-01-28 21:01:29
                    jekyll.log
                    ...done in 1.689871879 seconds.
                    
      Regenerating: 1 file(s) changed at 2026-01-28 21:01:31
                    jekyll.log
                    ...done in 1.616394195 seconds.
                    
      Regenerating: 1 file(s) changed at 2026-01-28 21:01:33
                    jekyll.log
                    ...done in 1.613604365 seconds.
                    
      Regenerating: 1 file(s) changed at 2026-01-28 21:01:34
                    jekyll.log
                    ...done in 1.657219887 seconds.
                    
      Regenerating: 1 file(s) changed at 2026-01-28 21:01:36
                    jekyll.log
                    ...done in 1.71147028 seconds.
                    
      Regenerating: 1 file(s) changed at 2026-01-28 21:01:38
                    jekyll.log
                    ...done in 1.65291325 seconds.
                    
      Regenerating: 1 file(s) changed at 2026-01-28 21:01:40
                    jekyll.log
                    ...done in 1.627319171 seconds.
                    
      Regenerating: 1 file(s) changed at 2026-01-28 21:01:41
                    jekyll.log
                    ...done in 1.633031283 seconds.
                    
      Regenerating: 1 file(s) changed at 2026-01-28 21:01:43
                    jekyll.log
                    ...done in 1.608415068 seconds.
                    
      Regenerating: 1 file(s) changed at 2026-01-28 21:01:45
                    jekyll.log
                    ...done in 1.648448986 seconds.
                    
      Regenerating: 1 file(s) changed at 2026-01-28 21:01:47
                    jekyll.log
                    ...done in 1.586802439 seconds.
                    
      Regenerating: 1 file(s) changed at 2026-01-28 21:01:48
                    jekyll.log
                    ...done in 1.546332572 seconds.
                    
      Regenerating: 1 file(s) changed at 2026-01-28 21:01:50
                    jekyll.log
                    ...done in 1.606740695 seconds.
                    
      Regenerating: 1 file(s) changed at 2026-01-28 21:01:52
                    jekyll.log
                    ...done in 1.603161739 seconds.
                    
      Regenerating: 1 file(s) changed at 2026-01-28 21:01:53
                    jekyll.log
                    ...done in 1.631927534 seconds.
                    
      Regenerating: 1 file(s) changed at 2026-01-28 21:01:55
                    jekyll.log
                    ...done in 1.656401363 seconds.
                    
      Regenerating: 1 file(s) changed at 2026-01-28 21:01:57
                    jekyll.log
                    ...done in 1.643790829 seconds.
                    
      Regenerating: 1 file(s) changed at 2026-01-28 21:01:59
                    jekyll.log
                    ...done in 1.871068926 seconds.
                    
      Regenerating: 1 file(s) changed at 2026-01-28 21:02:01
                    jekyll.log
                    ...done in 1.934462713 seconds.
                    
      Regenerating: 1 file(s) changed at 2026-01-28 21:02:03
                    jekyll.log
                    ...done in 2.364815263 seconds.
                    
      Regenerating: 1 file(s) changed at 2026-01-28 21:02:05
                    jekyll.log
                    ...done in 2.206768588 seconds.
                    
      Regenerating: 1 file(s) changed at 2026-01-28 21:02:07
                    jekyll.log
                    ...done in 1.624131744 seconds.
                    
      Regenerating: 1 file(s) changed at 2026-01-28 21:02:09
                    jekyll.log
                    ...done in 1.681417276 seconds.
                    
      Regenerating: 1 file(s) changed at 2026-01-28 21:02:11
                    jekyll.log
                    ...done in 2.119631907 seconds.
                    
      Regenerating: 1 file(s) changed at 2026-01-28 21:02:13
                    jekyll.log
                    ...done in 1.755192757 seconds.
                    
      Regenerating: 1 file(s) changed at 2026-01-28 21:02:15
                    jekyll.log
                    ...done in 1.706523452 seconds.
                    
      Regenerating: 1 file(s) changed at 2026-01-28 21:02:17
                    jekyll.log
                    ...done in 1.810886562 seconds.
                    
      Regenerating: 1 file(s) changed at 2026-01-28 21:02:19
                    jekyll.log
                    ...done in 1.661478482 seconds.
                    
      Regenerating: 1 file(s) changed at 2026-01-28 21:02:20
                    jekyll.log
                    ...done in 1.675213842 seconds.
                    
      Regenerating: 1 file(s) changed at 2026-01-28 21:02:22
                    jekyll.log
                    ...done in 1.81045808 seconds.
                    
      Regenerating: 1 file(s) changed at 2026-01-28 21:02:24
                    jekyll.log
                    ...done in 1.650244022 seconds.
                    
      Regenerating: 1 file(s) changed at 2026-01-28 21:02:26
                    jekyll.log
                    ...done in 1.866366199 seconds.
                    
      Regenerating: 1 file(s) changed at 2026-01-28 21:02:28
                    jekyll.log
                    ...done in 1.673455889 seconds.
                    
      Regenerating: 1 file(s) changed at 2026-01-28 21:02:30
                    jekyll.log
                    ...done in 1.738086387 seconds.
                    
      Regenerating: 1 file(s) changed at 2026-01-28 21:02:31
                    jekyll.log
                    ...done in 1.826885376 seconds.
                    
      Regenerating: 1 file(s) changed at 2026-01-28 21:02:33
                    jekyll.log
                    ...done in 1.989091373 seconds.
                    
      Regenerating: 1 file(s) changed at 2026-01-28 21:02:35
                    jekyll.log
                    ...done in 2.051017709 seconds.
                    
      Regenerating: 1 file(s) changed at 2026-01-28 21:02:38
                    jekyll.log
                    ...done in 2.072942857 seconds.
                    
      Regenerating: 1 file(s) changed at 2026-01-28 21:02:40
                    jekyll.log
                    ...done in 1.849960056 seconds.
                    
      Regenerating: 1 file(s) changed at 2026-01-28 21:02:42
                    jekyll.log
                    ...done in 1.738031862 seconds.
                    
      Regenerating: 1 file(s) changed at 2026-01-28 21:02:44
                    jekyll.log
                    ...done in 1.775965464 seconds.
                    
      Regenerating: 1 file(s) changed at 2026-01-28 21:02:45
                    jekyll.log
                    ...done in 1.708489177 seconds.
                    
      Regenerating: 1 file(s) changed at 2026-01-28 21:02:47
                    jekyll.log
                    ...done in 2.233650731 seconds.
                    
      Regenerating: 1 file(s) changed at 2026-01-28 21:02:50
                    jekyll.log
                    ...done in 1.754184072 seconds.
                    
      Regenerating: 1 file(s) changed at 2026-01-28 21:02:51
                    jekyll.log
                    ...done in 2.007771552 seconds.
                    
      Regenerating: 1 file(s) changed at 2026-01-28 21:02:54
                    jekyll.log
                    ...done in 2.456095207 seconds.
                    
      Regenerating: 1 file(s) changed at 2026-01-28 21:02:56
                    jekyll.log
                    ...done in 2.073160649 seconds.
                    
      Regenerating: 1 file(s) changed at 2026-01-28 21:02:58
                    jekyll.log
                    ...done in 2.064919187 seconds.
                    
      Regenerating: 1 file(s) changed at 2026-01-28 21:03:00
                    jekyll.log
                    ...done in 1.840718506 seconds.
                    
      Regenerating: 1 file(s) changed at 2026-01-28 21:03:02
                    jekyll.log
                    ...done in 1.958984559 seconds.
                    
      Regenerating: 1 file(s) changed at 2026-01-28 21:03:04
                    jekyll.log
                    ...done in 2.128079458 seconds.
                    
      Regenerating: 1 file(s) changed at 2026-01-28 21:03:07
                    jekyll.log
                    ...done in 1.73251437 seconds.
                    
      Regenerating: 1 file(s) changed at 2026-01-28 21:03:09
                    jekyll.log
                    ...done in 1.624637656 seconds.
                    
      Regenerating: 1 file(s) changed at 2026-01-28 21:03:10
                    jekyll.log
                    ...done in 1.823295682 seconds.
                    
      Regenerating: 1 file(s) changed at 2026-01-28 21:03:12
                    jekyll.log
                    ...done in 1.845669511 seconds.
                    
      Regenerating: 1 file(s) changed at 2026-01-28 21:03:14
                    jekyll.log
                    ...done in 2.230810527 seconds.
                    
      Regenerating: 1 file(s) changed at 2026-01-28 21:03:16
                    jekyll.log
                    ...done in 2.12744798 seconds.
                    
      Regenerating: 1 file(s) changed at 2026-01-28 21:03:19
                    jekyll.log
                    ...done in 1.923455179 seconds.
                    
      Regenerating: 1 file(s) changed at 2026-01-28 21:03:21
                    jekyll.log
                    ...done in 1.663226459 seconds.
                    
      Regenerating: 1 file(s) changed at 2026-01-28 21:03:22
                    jekyll.log
                    ...done in 1.674004336 seconds.
                    
      Regenerating: 1 file(s) changed at 2026-01-28 21:03:24
                    jekyll.log
                    ...done in 1.740488814 seconds.
                    
      Regenerating: 1 file(s) changed at 2026-01-28 21:03:26
                    jekyll.log
                    ...done in 1.715939536 seconds.
                    
      Regenerating: 1 file(s) changed at 2026-01-28 21:03:28
                    jekyll.log
                    ...done in 1.644325293 seconds.
                    
      Regenerating: 1 file(s) changed at 2026-01-28 21:03:30
                    jekyll.log
                    ...done in 1.885825951 seconds.
                    
      Regenerating: 1 file(s) changed at 2026-01-28 21:03:32
                    jekyll.log
                    ...done in 1.641527098 seconds.
                    
      Regenerating: 1 file(s) changed at 2026-01-28 21:03:33
                    jekyll.log
                    ...done in 1.559157853 seconds.
                    
      Regenerating: 1 file(s) changed at 2026-01-28 21:03:35
                    jekyll.log
                    ...done in 1.536346314 seconds.
                    
      Regenerating: 1 file(s) changed at 2026-01-28 21:03:37
                    jekyll.log
                    ...done in 1.502464834 seconds.
                    
      Regenerating: 1 file(s) changed at 2026-01-28 21:03:38
                    jekyll.log
                    ...done in 1.553031273 seconds.
                    
      Regenerating: 1 file(s) changed at 2026-01-28 21:03:40
                    jekyll.log
                    ...done in 1.633922854 seconds.
                    
      Regenerating: 1 file(s) changed at 2026-01-28 21:03:42
                    jekyll.log
                    ...done in 1.632680197 seconds.
                    
      Regenerating: 1 file(s) changed at 2026-01-28 21:03:43
                    jekyll.log
                    ...done in 1.648966076 seconds.
                    
      Regenerating: 1 file(s) changed at 2026-01-28 21:03:45
                    jekyll.log
                    ...done in 1.627116397 seconds.
                    
      Regenerating: 1 file(s) changed at 2026-01-28 21:03:47
                    jekyll.log
                    ...done in 1.720410077 seconds.
                    
      Regenerating: 1 file(s) changed at 2026-01-28 21:03:49
                    jekyll.log
                    ...done in 1.647996079 seconds.
                    
      Regenerating: 1 file(s) changed at 2026-01-28 21:03:50
                    jekyll.log
                    ...done in 1.70696954 seconds.
                    
      Regenerating: 1 file(s) changed at 2026-01-28 21:03:52
                    jekyll.log
                    ...done in 1.97663546 seconds.
                    
      Regenerating: 1 file(s) changed at 2026-01-28 21:03:54
                    jekyll.log
                    ...done in 1.803681087 seconds.
                    
      Regenerating: 1 file(s) changed at 2026-01-28 21:03:56
                    jekyll.log
                    ...done in 1.946767233 seconds.
                    
      Regenerating: 1 file(s) changed at 2026-01-28 21:03:58
                    jekyll.log
                    ...done in 1.695874471 seconds.
                    
      Regenerating: 1 file(s) changed at 2026-01-28 21:04:00
                    jekyll.log
                    ...done in 1.676852382 seconds.
                    
      Regenerating: 1 file(s) changed at 2026-01-28 21:04:02
                    jekyll.log
                    ...done in 1.723883735 seconds.
                    
      Regenerating: 1 file(s) changed at 2026-01-28 21:04:04
                    jekyll.log
                    ...done in 1.675527833 seconds.
                    
      Regenerating: 1 file(s) changed at 2026-01-28 21:04:05
                    jekyll.log
                    ...done in 1.645168055 seconds.
                    
      Regenerating: 1 file(s) changed at 2026-01-28 21:04:07
                    jekyll.log
                    ...done in 1.569501851 seconds.
                    
      Regenerating: 1 file(s) changed at 2026-01-28 21:04:09
                    jekyll.log
                    ...done in 1.58487289 seconds.
                    
      Regenerating: 1 file(s) changed at 2026-01-28 21:04:11
                    jekyll.log
                    ...done in 1.640541348 seconds.
                    
      Regenerating: 1 file(s) changed at 2026-01-28 21:04:12
                    jekyll.log
                    ...done in 1.612155823 seconds.
                    
      Regenerating: 1 file(s) changed at 2026-01-28 21:04:14
                    jekyll.log
                    ...done in 1.686436591 seconds.
                    
      Regenerating: 1 file(s) changed at 2026-01-28 21:04:16
                    jekyll.log
                    ...done in 1.610500032 seconds.
                    
      Regenerating: 1 file(s) changed at 2026-01-28 21:04:18
                    jekyll.log
                    ...done in 1.608271539 seconds.
                    
      Regenerating: 1 file(s) changed at 2026-01-28 21:04:19
                    jekyll.log
                    ...done in 1.549260547 seconds.
                    
      Regenerating: 1 file(s) changed at 2026-01-28 21:04:21
                    jekyll.log
                    ...done in 1.541019652 seconds.
                    
      Regenerating: 1 file(s) changed at 2026-01-28 21:04:23
                    jekyll.log
                    ...done in 1.576290314 seconds.
                    
      Regenerating: 1 file(s) changed at 2026-01-28 21:04:24
                    jekyll.log
                    ...done in 1.66974893 seconds.
                    
      Regenerating: 1 file(s) changed at 2026-01-28 21:04:26
                    jekyll.log
                    ...done in 1.751053666 seconds.
                    
      Regenerating: 1 file(s) changed at 2026-01-28 21:04:28
                    jekyll.log
                    ...done in 1.704779085 seconds.
                    
      Regenerating: 1 file(s) changed at 2026-01-28 21:04:30
                    jekyll.log
                    ...done in 1.656086076 seconds.
                    
      Regenerating: 1 file(s) changed at 2026-01-28 21:04:31
                    jekyll.log
                    ...done in 1.726153004 seconds.
                    
      Regenerating: 1 file(s) changed at 2026-01-28 21:04:33
                    jekyll.log
                    ...done in 1.634325638 seconds.
                    
      Regenerating: 1 file(s) changed at 2026-01-28 21:04:35
                    jekyll.log
                    ...done in 1.534679338 seconds.
                    
      Regenerating: 1 file(s) changed at 2026-01-28 21:04:37
                    jekyll.log
                    ...done in 1.608055778 seconds.
                    
      Regenerating: 1 file(s) changed at 2026-01-28 21:04:38
                    jekyll.log
                    ...done in 1.585898685 seconds.
                    
      Regenerating: 1 file(s) changed at 2026-01-28 21:04:40
                    jekyll.log
                    ...done in 1.658858361 seconds.
                    
      Regenerating: 1 file(s) changed at 2026-01-28 21:04:42
                    jekyll.log
                    ...done in 1.621104011 seconds.
                    
      Regenerating: 1 file(s) changed at 2026-01-28 21:04:43
                    jekyll.log
                    ...done in 1.614089809 seconds.
                    
      Regenerating: 1 file(s) changed at 2026-01-28 21:04:45
                    jekyll.log
                    ...done in 1.688068856 seconds.
                    
      Regenerating: 1 file(s) changed at 2026-01-28 21:04:47
                    jekyll.log
                    ...done in 1.836105127 seconds.
                    
      Regenerating: 1 file(s) changed at 2026-01-28 21:04:49
                    jekyll.log
                    ...done in 1.68495624 seconds.
                    
      Regenerating: 1 file(s) changed at 2026-01-28 21:04:51
                    jekyll.log
                    ...done in 1.754012962 seconds.
                    
      Regenerating: 1 file(s) changed at 2026-01-28 21:04:53
                    jekyll.log
                    ...done in 1.826844555 seconds.
                    
      Regenerating: 1 file(s) changed at 2026-01-28 21:04:54
                    jekyll.log
                    ...done in 1.63433784 seconds.
                    
      Regenerating: 1 file(s) changed at 2026-01-28 21:04:56
                    jekyll.log
                    ...done in 1.656031298 seconds.
                    
      Regenerating: 1 file(s) changed at 2026-01-28 21:04:58
                    jekyll.log
                    ...done in 1.711278355 seconds.
                    
      Regenerating: 1 file(s) changed at 2026-01-28 21:05:00
                    jekyll.log
                    ...done in 1.699352936 seconds.
                    
      Regenerating: 1 file(s) changed at 2026-01-28 21:05:02
                    jekyll.log
                    ...done in 1.641730158 seconds.
                    
      Regenerating: 1 file(s) changed at 2026-01-28 21:05:03
                    jekyll.log
                    ...done in 1.580019303 seconds.
                    
      Regenerating: 1 file(s) changed at 2026-01-28 21:05:05
                    jekyll.log
                    ...done in 1.682386627 seconds.
                    
      Regenerating: 1 file(s) changed at 2026-01-28 21:05:07
                    jekyll.log
                    ...done in 1.538373461 seconds.
                    
      Regenerating: 1 file(s) changed at 2026-01-28 21:05:08
                    jekyll.log
                    ...done in 1.58739305 seconds.
                    
      Regenerating: 1 file(s) changed at 2026-01-28 21:05:10
                    jekyll.log
                    ...done in 1.637884439 seconds.
                    
      Regenerating: 1 file(s) changed at 2026-01-28 21:05:12
                    jekyll.log
                    ...done in 1.612866331 seconds.
                    
      Regenerating: 1 file(s) changed at 2026-01-28 21:05:14
                    jekyll.log
                    ...done in 1.945216374 seconds.
                    
      Regenerating: 1 file(s) changed at 2026-01-28 21:05:16
                    jekyll.log
                    ...done in 1.698022385 seconds.
                    
      Regenerating: 1 file(s) changed at 2026-01-28 21:05:17
                    jekyll.log
                    ...done in 1.600680533 seconds.
                    
      Regenerating: 1 file(s) changed at 2026-01-28 21:05:19
                    jekyll.log
                    ...done in 1.604215112 seconds.
                    
      Regenerating: 1 file(s) changed at 2026-01-28 21:05:21
                    jekyll.log
                    ...done in 1.585695995 seconds.
                    
      Regenerating: 1 file(s) changed at 2026-01-28 21:05:22
                    jekyll.log
                    ...done in 1.555203908 seconds.
                    
      Regenerating: 1 file(s) changed at 2026-01-28 21:05:24
                    jekyll.log
                    ...done in 1.628354769 seconds.
                    
      Regenerating: 1 file(s) changed at 2026-01-28 21:05:26
                    jekyll.log
                    ...done in 1.664268378 seconds.
                    
      Regenerating: 1 file(s) changed at 2026-01-28 21:05:28
                    jekyll.log
                    ...done in 1.684417239 seconds.
                    
      Regenerating: 1 file(s) changed at 2026-01-28 21:05:29
                    jekyll.log
                    ...done in 1.658092139 seconds.
                    
      Regenerating: 1 file(s) changed at 2026-01-28 21:05:31
                    jekyll.log
                    ...done in 1.715890912 seconds.
                    
      Regenerating: 1 file(s) changed at 2026-01-28 21:05:33
                    jekyll.log
                    ...done in 1.577273221 seconds.
                    
      Regenerating: 1 file(s) changed at 2026-01-28 21:05:35
                    jekyll.log
                    ...done in 1.629179583 seconds.
                    
      Regenerating: 1 file(s) changed at 2026-01-28 21:05:36
                    jekyll.log
                    ...done in 1.611742995 seconds.
                    
      Regenerating: 1 file(s) changed at 2026-01-28 21:05:38
                    jekyll.log
                    ...done in 1.627990417 seconds.
                    
      Regenerating: 1 file(s) changed at 2026-01-28 21:05:40
                    jekyll.log
                    ...done in 1.659923202 seconds.
                    
      Regenerating: 1 file(s) changed at 2026-01-28 21:05:42
                    jekyll.log
                    ...done in 1.688965146 seconds.
                    
      Regenerating: 1 file(s) changed at 2026-01-28 21:05:43
                    jekyll.log
                    ...done in 1.72518091 seconds.
                    
      Regenerating: 1 file(s) changed at 2026-01-28 21:05:45
                    jekyll.log
                    ...done in 1.631962539 seconds.
                    
      Regenerating: 1 file(s) changed at 2026-01-28 21:05:47
                    jekyll.log
                    ...done in 1.592590982 seconds.
                    
      Regenerating: 1 file(s) changed at 2026-01-28 21:05:49
                    jekyll.log
                    ...done in 1.576551475 seconds.
                    
      Regenerating: 1 file(s) changed at 2026-01-28 21:05:50
                    jekyll.log
                    ...done in 1.652020446 seconds.
                    
      Regenerating: 1 file(s) changed at 2026-01-28 21:05:52
                    jekyll.log
                    ...done in 1.528344125 seconds.
                    
      Regenerating: 1 file(s) changed at 2026-01-28 21:05:54
                    jekyll.log
                    ...done in 1.648493371 seconds.
                    
      Regenerating: 1 file(s) changed at 2026-01-28 21:05:55
                    jekyll.log
                    ...done in 1.764395648 seconds.
                    
      Regenerating: 1 file(s) changed at 2026-01-28 21:05:57
                    jekyll.log
                    ...done in 1.657423487 seconds.
                    
      Regenerating: 1 file(s) changed at 2026-01-28 21:05:59
                    jekyll.log
                    ...done in 1.852818098 seconds.
                    
      Regenerating: 1 file(s) changed at 2026-01-28 21:06:01
                    jekyll.log
                    ...done in 1.731586175 seconds.
                    
      Regenerating: 1 file(s) changed at 2026-01-28 21:06:03
                    jekyll.log
                    ...done in 1.723328495 seconds.
                    
      Regenerating: 1 file(s) changed at 2026-01-28 21:06:05
                    jekyll.log
                    ...done in 1.792832869 seconds.
                    
      Regenerating: 1 file(s) changed at 2026-01-28 21:06:07
                    jekyll.log
                    ...done in 1.734693463 seconds.
                    
      Regenerating: 1 file(s) changed at 2026-01-28 21:06:08
                    jekyll.log
                    ...done in 1.709880205 seconds.
                    
      Regenerating: 1 file(s) changed at 2026-01-28 21:06:10
                    jekyll.log
                    ...done in 1.677060923 seconds.
                    
      Regenerating: 2 file(s) changed at 2026-01-28 21:06:12
                    jekyll.log
                    _includes/themes/the-program/default.html
                    ...done in 1.722167254 seconds.
                    
      Regenerating: 1 file(s) changed at 2026-01-28 21:06:14
                    jekyll.log
                    ...done in 1.864546622 seconds.
                    
      Regenerating: 1 file(s) changed at 2026-01-28 21:06:16
                    jekyll.log
                    ...done in 1.981372772 seconds.
                    
      Regenerating: 1 file(s) changed at 2026-01-28 21:06:18
                    jekyll.log
                    ...done in 1.593701577 seconds.
                    
      Regenerating: 1 file(s) changed at 2026-01-28 21:06:20
                    jekyll.log
                    ...done in 1.584250615 seconds.
                    
      Regenerating: 1 file(s) changed at 2026-01-28 21:06:21
                    jekyll.log
                    ...done in 1.573887914 seconds.
                    
      Regenerating: 1 file(s) changed at 2026-01-28 21:06:23
                    jekyll.log
                    ...done in 1.559434975 seconds.
                    
      Regenerating: 1 file(s) changed at 2026-01-28 21:06:25
                    jekyll.log
                    ...done in 1.641919306 seconds.
                    
      Regenerating: 1 file(s) changed at 2026-01-28 21:06:26
                    jekyll.log
                    ...done in 1.623612702 seconds.
                    
      Regenerating: 1 file(s) changed at 2026-01-28 21:06:28
                    jekyll.log
                    ...done in 1.68219026 seconds.
                    
      Regenerating: 1 file(s) changed at 2026-01-28 21:06:30
                    jekyll.log
                    ...done in 1.700232051 seconds.
                    
      Regenerating: 1 file(s) changed at 2026-01-28 21:06:32
                    jekyll.log
                    ...done in 1.643882701 seconds.
                    
      Regenerating: 1 file(s) changed at 2026-01-28 21:06:33
                    jekyll.log
                    ...done in 1.775889831 seconds.
                    
      Regenerating: 1 file(s) changed at 2026-01-28 21:06:35
                    jekyll.log
                    ...done in 1.686865082 seconds.
                    
      Regenerating: 1 file(s) changed at 2026-01-28 21:06:37
                    jekyll.log
                    ...done in 1.539234211 seconds.
                    
      Regenerating: 1 file(s) changed at 2026-01-28 21:06:39
                    jekyll.log
                    ...done in 1.602338585 seconds.
                    
      Regenerating: 1 file(s) changed at 2026-01-28 21:06:40
                    jekyll.log
                    ...done in 1.662339301 seconds.
                    
      Regenerating: 1 file(s) changed at 2026-01-28 21:06:42
                    jekyll.log
                    ...done in 1.628262688 seconds.
                    
      Regenerating: 1 file(s) changed at 2026-01-28 21:06:44
                    jekyll.log
                    ...done in 1.619641496 seconds.
                    
      Regenerating: 1 file(s) changed at 2026-01-28 21:06:46
                    jekyll.log
                    ...done in 1.629106314 seconds.
                    
      Regenerating: 1 file(s) changed at 2026-01-28 21:06:47
                    jekyll.log
                    ...done in 1.570875872 seconds.
                    
      Regenerating: 1 file(s) changed at 2026-01-28 21:06:49
                    jekyll.log
                    ...done in 1.519688501 seconds.
                    
      Regenerating: 1 file(s) changed at 2026-01-28 21:06:51
                    jekyll.log
                    ...done in 1.56013086 seconds.
                    
      Regenerating: 1 file(s) changed at 2026-01-28 21:06:52
                    jekyll.log
                    ...done in 1.512617221 seconds.
                    
      Regenerating: 1 file(s) changed at 2026-01-28 21:06:54
                    jekyll.log
                    ...done in 1.612596851 seconds.
                    
      Regenerating: 1 file(s) changed at 2026-01-28 21:06:56
                    jekyll.log
                    ...done in 1.648180557 seconds.
                    
      Regenerating: 1 file(s) changed at 2026-01-28 21:06:57
                    jekyll.log
                    ...done in 1.667427605 seconds.
                    
      Regenerating: 1 file(s) changed at 2026-01-28 21:06:59
                    jekyll.log
                    ...done in 1.629311756 seconds.
                    
      Regenerating: 1 file(s) changed at 2026-01-28 21:07:01
                    jekyll.log
                    ...done in 1.671424102 seconds.
                    
      Regenerating: 1 file(s) changed at 2026-01-28 21:07:03
                    jekyll.log
                    ...done in 1.812000718 seconds.
                    
      Regenerating: 1 file(s) changed at 2026-01-28 21:07:05
                    jekyll.log
                    ...done in 1.856836398 seconds.
                    
      Regenerating: 1 file(s) changed at 2026-01-28 21:07:07
                    jekyll.log
                    ...done in 1.560121861 seconds.
                    
      Regenerating: 1 file(s) changed at 2026-01-28 21:07:08
                    jekyll.log
                    ...done in 1.568351421 seconds.
                    
      Regenerating: 1 file(s) changed at 2026-01-28 21:07:10
                    jekyll.log
                    ...done in 1.711480263 seconds.
                    
      Regenerating: 1 file(s) changed at 2026-01-28 21:07:12
                    jekyll.log
                    ...done in 1.859913025 seconds.
                    
      Regenerating: 1 file(s) changed at 2026-01-28 21:07:14
                    jekyll.log
                    ...done in 1.831325085 seconds.
                    
      Regenerating: 1 file(s) changed at 2026-01-28 21:07:16
                    jekyll.log
                    ...done in 1.734432343 seconds.
                    
      Regenerating: 1 file(s) changed at 2026-01-28 21:07:17
                    jekyll.log
                    ...done in 1.704820893 seconds.
                    
      Regenerating: 1 file(s) changed at 2026-01-28 21:07:19
                    jekyll.log
                    ...done in 1.760949973 seconds.
                    
      Regenerating: 1 file(s) changed at 2026-01-28 21:07:21
                    jekyll.log
                    ...done in 1.764550287 seconds.
                    
      Regenerating: 1 file(s) changed at 2026-01-28 21:07:23
                    jekyll.log
                    ...done in 1.576798168 seconds.
                    
      Regenerating: 1 file(s) changed at 2026-01-28 21:07:25
                    jekyll.log
                    ...done in 1.656532288 seconds.
                    
      Regenerating: 1 file(s) changed at 2026-01-28 21:07:26
                    jekyll.log
                    ...done in 1.750772479 seconds.
                    
      Regenerating: 1 file(s) changed at 2026-01-28 21:07:28
                    jekyll.log
                    ...done in 1.626272045 seconds.
                    
      Regenerating: 1 file(s) changed at 2026-01-28 21:07:30
                    jekyll.log
                    ...done in 1.691908741 seconds.
                    
      Regenerating: 1 file(s) changed at 2026-01-28 21:07:32
                    jekyll.log
                    ...done in 1.685762762 seconds.
                    
      Regenerating: 1 file(s) changed at 2026-01-28 21:07:34
                    jekyll.log
                    ...done in 1.68157354 seconds.
                    
      Regenerating: 1 file(s) changed at 2026-01-28 21:07:35
                    jekyll.log
                    ...done in 1.624565985 seconds.
                    
      Regenerating: 1 file(s) changed at 2026-01-28 21:07:37
                    jekyll.log
                    ...done in 1.579606947 seconds.
                    
      Regenerating: 1 file(s) changed at 2026-01-28 21:07:39
                    jekyll.log
                    ...done in 1.584242908 seconds.
                    
      Regenerating: 1 file(s) changed at 2026-01-28 21:07:40
                    jekyll.log
                    ...done in 1.641400657 seconds.
                    
      Regenerating: 1 file(s) changed at 2026-01-28 21:07:42
                    jekyll.log
                    ...done in 1.644551384 seconds.
                    
      Regenerating: 1 file(s) changed at 2026-01-28 21:07:44
                    jekyll.log
                    ...done in 1.689762716 seconds.
                    
      Regenerating: 1 file(s) changed at 2026-01-28 21:07:46
                    jekyll.log
                    ...done in 1.681549674 seconds.
                    
      Regenerating: 1 file(s) changed at 2026-01-28 21:07:47
                    jekyll.log
                    ...done in 1.823636352 seconds.
                    
      Regenerating: 1 file(s) changed at 2026-01-28 21:07:49
                    jekyll.log
                    ...done in 1.610652231 seconds.
                    
      Regenerating: 1 file(s) changed at 2026-01-28 21:07:51
                    jekyll.log
                    ...done in 1.651693839 seconds.
                    
      Regenerating: 1 file(s) changed at 2026-01-28 21:07:53
                    jekyll.log
                    ...done in 1.665656911 seconds.
                    
      Regenerating: 1 file(s) changed at 2026-01-28 21:07:55
                    jekyll.log
                    ...done in 1.944345768 seconds.
                    
      Regenerating: 1 file(s) changed at 2026-01-28 21:07:57
                    jekyll.log
                    ...done in 1.797056471 seconds.
                    
      Regenerating: 1 file(s) changed at 2026-01-28 21:07:59
                    jekyll.log
                    ...done in 1.677497583 seconds.
                    
      Regenerating: 1 file(s) changed at 2026-01-28 21:08:00
                    jekyll.log
                    ...done in 1.606700077 seconds.
                    
      Regenerating: 1 file(s) changed at 2026-01-28 21:08:02
                    jekyll.log
                    ...done in 1.58808886 seconds.
                    
      Regenerating: 1 file(s) changed at 2026-01-28 21:08:04
                    jekyll.log
                    ...done in 1.583132861 seconds.
                    
      Regenerating: 1 file(s) changed at 2026-01-28 21:08:05
                    jekyll.log
                    ...done in 1.61096807 seconds.
                    
      Regenerating: 1 file(s) changed at 2026-01-28 21:08:07
                    jekyll.log
                    ...done in 1.544951016 seconds.
                    
      Regenerating: 1 file(s) changed at 2026-01-28 21:08:09
                    jekyll.log
                    ...done in 1.576707597 seconds.
                    
      Regenerating: 1 file(s) changed at 2026-01-28 21:08:10
                    jekyll.log
                    ...done in 1.594433061 seconds.
                    
      Regenerating: 1 file(s) changed at 2026-01-28 21:08:12
                    jekyll.log
                    ...done in 1.572593519 seconds.
                    
      Regenerating: 1 file(s) changed at 2026-01-28 21:08:14
                    jekyll.log
                    ...done in 1.668297341 seconds.
                    
      Regenerating: 1 file(s) changed at 2026-01-28 21:08:16
                    jekyll.log
                    ...done in 1.649730735 seconds.
                    
      Regenerating: 1 file(s) changed at 2026-01-28 21:08:17
                    jekyll.log
                    ...done in 1.53772454 seconds.
                    
      Regenerating: 1 file(s) changed at 2026-01-28 21:08:19
                    jekyll.log
                    ...done in 1.576100179 seconds.
                    
      Regenerating: 1 file(s) changed at 2026-01-28 21:08:21
                    jekyll.log
                    ...done in 1.707408295 seconds.
                    
      Regenerating: 1 file(s) changed at 2026-01-28 21:08:22
                    jekyll.log
                    ...done in 1.595626712 seconds.
                    
      Regenerating: 1 file(s) changed at 2026-01-28 21:08:24
                    jekyll.log
                    ...done in 1.590171414 seconds.
                    
      Regenerating: 1 file(s) changed at 2026-01-28 21:08:26
                    jekyll.log
                    ...done in 1.795191791 seconds.
                    
      Regenerating: 1 file(s) changed at 2026-01-28 21:08:28
                    jekyll.log
                    ...done in 1.627218433 seconds.
                    
      Regenerating: 1 file(s) changed at 2026-01-28 21:08:29
                    jekyll.log
                    ...done in 1.710030613 seconds.
                    
      Regenerating: 1 file(s) changed at 2026-01-28 21:08:31
                    jekyll.log
                    ...done in 1.702189972 seconds.
                    
      Regenerating: 1 file(s) changed at 2026-01-28 21:08:33
                    jekyll.log
                    ...done in 1.584255803 seconds.
                    
      Regenerating: 1 file(s) changed at 2026-01-28 21:08:35
                    jekyll.log
                    ...done in 1.608145625 seconds.
                    
      Regenerating: 1 file(s) changed at 2026-01-28 21:08:36
                    jekyll.log
                    ...done in 1.628604224 seconds.
                    
      Regenerating: 1 file(s) changed at 2026-01-28 21:08:38
                    jekyll.log
                    ...done in 1.596446986 seconds.
                    
      Regenerating: 1 file(s) changed at 2026-01-28 21:08:40
                    jekyll.log
                    ...done in 1.786338603 seconds.
                    
      Regenerating: 2 file(s) changed at 2026-01-28 21:08:42
                    jekyll.log
                    _includes/themes/the-program/default.html
                    ...done in 1.645188835 seconds.
                    
      Regenerating: 1 file(s) changed at 2026-01-28 21:08:44
                    jekyll.log
                    ...done in 1.718512243 seconds.
                    
      Regenerating: 1 file(s) changed at 2026-01-28 21:08:45
                    jekyll.log
                    ...done in 1.772141799 seconds.
                    
      Regenerating: 1 file(s) changed at 2026-01-28 21:08:47
                    jekyll.log
                    ...done in 1.66552405 seconds.
                    
      Regenerating: 1 file(s) changed at 2026-01-28 21:08:49
                    jekyll.log
                    ...done in 1.578711185 seconds.
                    
      Regenerating: 1 file(s) changed at 2026-01-28 21:08:51
                    jekyll.log
                    ...done in 1.593765941 seconds.
                    
      Regenerating: 1 file(s) changed at 2026-01-28 21:08:52
                    jekyll.log
                    ...done in 1.662628548 seconds.
                    
      Regenerating: 1 file(s) changed at 2026-01-28 21:08:54
                    jekyll.log
                    ...done in 1.711344057 seconds.
                    
      Regenerating: 1 file(s) changed at 2026-01-28 21:08:56
                    jekyll.log
                    ...done in 1.777467887 seconds.
                    
      Regenerating: 1 file(s) changed at 2026-01-28 21:08:58
                    jekyll.log
                    ...done in 1.804372614 seconds.
                    
      Regenerating: 1 file(s) changed at 2026-01-28 21:09:00
                    jekyll.log
                    ...done in 1.943438229 seconds.
                    
      Regenerating: 1 file(s) changed at 2026-01-28 21:09:02
                    jekyll.log
                    ...done in 1.716833972 seconds.
                    
      Regenerating: 1 file(s) changed at 2026-01-28 21:09:04
                    jekyll.log
                    ...done in 1.549730698 seconds.
                    
      Regenerating: 1 file(s) changed at 2026-01-28 21:09:05
                    jekyll.log
                    ...done in 1.620535452 seconds.
                    
      Regenerating: 1 file(s) changed at 2026-01-28 21:09:07
                    jekyll.log
                    ...done in 1.530431069 seconds.
                    
      Regenerating: 1 file(s) changed at 2026-01-28 21:09:09
                    jekyll.log
                    ...done in 1.531658025 seconds.
                    
      Regenerating: 1 file(s) changed at 2026-01-28 21:09:10
                    jekyll.log
                    ...done in 1.609332429 seconds.
                    
      Regenerating: 1 file(s) changed at 2026-01-28 21:09:12
                    jekyll.log
                    ...done in 1.598257462 seconds.
                    
      Regenerating: 1 file(s) changed at 2026-01-28 21:09:14
                    jekyll.log
                    ...done in 1.664483866 seconds.
                    
      Regenerating: 1 file(s) changed at 2026-01-28 21:09:15
                    jekyll.log
                    ...done in 1.675882722 seconds.
                    
      Regenerating: 1 file(s) changed at 2026-01-28 21:09:17
                    jekyll.log
                    ...done in 1.762648524 seconds.
                    
      Regenerating: 1 file(s) changed at 2026-01-28 21:09:19
                    jekyll.log
                    ...done in 1.570987141 seconds.
                    
      Regenerating: 1 file(s) changed at 2026-01-28 21:09:21
                    jekyll.log
                    ...done in 1.543208466 seconds.
                    
      Regenerating: 1 file(s) changed at 2026-01-28 21:09:22
                    jekyll.log
                    ...done in 1.570732258 seconds.
                    
      Regenerating: 1 file(s) changed at 2026-01-28 21:09:24
                    jekyll.log
                    ...done in 1.603109033 seconds.
                    
      Regenerating: 1 file(s) changed at 2026-01-28 21:09:26
                    jekyll.log
                    ...done in 1.624496454 seconds.
                    
      Regenerating: 1 file(s) changed at 2026-01-28 21:09:27
                    jekyll.log
                    ...done in 1.691167449 seconds.
                    
      Regenerating: 1 file(s) changed at 2026-01-28 21:09:29
                    jekyll.log
                    ...done in 1.858605983 seconds.
                    
      Regenerating: 1 file(s) changed at 2026-01-28 21:09:31
                    jekyll.log
                    ...done in 1.826787939 seconds.
                    
      Regenerating: 1 file(s) changed at 2026-01-28 21:09:33
                    jekyll.log
                    ...done in 1.613916327 seconds.
                    
      Regenerating: 1 file(s) changed at 2026-01-28 21:09:35
                    jekyll.log
                    ...done in 1.703532401 seconds.
                    
      Regenerating: 1 file(s) changed at 2026-01-28 21:09:37
                    jekyll.log
                    ...done in 1.635883429 seconds.
                    
      Regenerating: 1 file(s) changed at 2026-01-28 21:09:38
                    jekyll.log
                    ...done in 1.712151127 seconds.
                    
      Regenerating: 1 file(s) changed at 2026-01-28 21:09:40
                    jekyll.log
                    ...done in 1.802034097 seconds.
                    
      Regenerating: 1 file(s) changed at 2026-01-28 21:09:42
                    jekyll.log
                    ...done in 1.747061067 seconds.
                    
      Regenerating: 1 file(s) changed at 2026-01-28 21:09:44
                    jekyll.log
                    ...done in 1.80303391 seconds.
                    
      Regenerating: 1 file(s) changed at 2026-01-28 21:09:46
                    jekyll.log
                    ...done in 1.793126412 seconds.
                    
      Regenerating: 1 file(s) changed at 2026-01-28 21:09:48
                    jekyll.log
                    ...done in 1.693721895 seconds.
                    
      Regenerating: 1 file(s) changed at 2026-01-28 21:09:50
                    jekyll.log
                    ...done in 1.80914053 seconds.
                    
      Regenerating: 1 file(s) changed at 2026-01-28 21:09:51
                    jekyll.log
                    ...done in 1.950363716 seconds.
                    
      Regenerating: 1 file(s) changed at 2026-01-28 21:09:54
                    jekyll.log
                    ...done in 1.793546596 seconds.
                    
      Regenerating: 1 file(s) changed at 2026-01-28 21:09:55
                    jekyll.log
                    ...done in 1.742033951 seconds.
                    
      Regenerating: 1 file(s) changed at 2026-01-28 21:09:57
                    jekyll.log
                    ...done in 1.824119576 seconds.
                    
      Regenerating: 1 file(s) changed at 2026-01-28 21:09:59
                    jekyll.log
                    ...done in 1.878264021 seconds.
                    
      Regenerating: 1 file(s) changed at 2026-01-28 21:10:01
                    jekyll.log
                    ...done in 1.720713861 seconds.
                    
      Regenerating: 1 file(s) changed at 2026-01-28 21:10:03
                    jekyll.log
                    ...done in 1.718634877 seconds.
                    
      Regenerating: 1 file(s) changed at 2026-01-28 21:10:05
                    jekyll.log
                    ...done in 1.746304672 seconds.
                    
      Regenerating: 1 file(s) changed at 2026-01-28 21:10:07
                    jekyll.log
                    ...done in 1.764301303 seconds.
                    
      Regenerating: 1 file(s) changed at 2026-01-28 21:10:09
                    jekyll.log
                    ...done in 1.646791798 seconds.
                    
      Regenerating: 1 file(s) changed at 2026-01-28 21:10:10
                    jekyll.log
                    ...done in 1.70930914 seconds.
                    
      Regenerating: 1 file(s) changed at 2026-01-28 21:10:12
                    jekyll.log
                    ...done in 1.764749398 seconds.
                    
      Regenerating: 1 file(s) changed at 2026-01-28 21:10:14
                    jekyll.log
                    ...done in 1.758979234 seconds.
                    
      Regenerating: 1 file(s) changed at 2026-01-28 21:10:16
                    jekyll.log
                    ...done in 1.760722466 seconds.
                    
      Regenerating: 1 file(s) changed at 2026-01-28 21:10:18
                    jekyll.log
                    ...done in 1.707414177 seconds.
                    
      Regenerating: 1 file(s) changed at 2026-01-28 21:10:19
                    jekyll.log
                    ...done in 1.659485631 seconds.
                    
      Regenerating: 1 file(s) changed at 2026-01-28 21:10:21
                    jekyll.log
                    ...done in 1.696023898 seconds.
                    
      Regenerating: 1 file(s) changed at 2026-01-28 21:10:23
                    jekyll.log
                    ...done in 1.661199787 seconds.
                    
      Regenerating: 1 file(s) changed at 2026-01-28 21:10:25
                    jekyll.log
                    ...done in 1.733488255 seconds.
                    
      Regenerating: 1 file(s) changed at 2026-01-28 21:10:27
                    jekyll.log
                    ...done in 1.713664383 seconds.
                    
      Regenerating: 1 file(s) changed at 2026-01-28 21:10:28
                    jekyll.log
                    ...done in 1.6897337 seconds.
                    
      Regenerating: 1 file(s) changed at 2026-01-28 21:10:30
                    jekyll.log
                    ...done in 1.817845149 seconds.
                    
      Regenerating: 1 file(s) changed at 2026-01-28 21:10:32
                    jekyll.log
                    ...done in 1.732157717 seconds.
                    
      Regenerating: 1 file(s) changed at 2026-01-28 21:10:34
                    jekyll.log
                    ...done in 1.677270553 seconds.
                    
      Regenerating: 1 file(s) changed at 2026-01-28 21:10:36
                    jekyll.log
                    ...done in 1.67200429 seconds.
                    
      Regenerating: 1 file(s) changed at 2026-01-28 21:10:38
                    jekyll.log
                    ...done in 1.817747068 seconds.
                    
      Regenerating: 1 file(s) changed at 2026-01-28 21:10:39
                    jekyll.log
                    ...done in 1.759254395 seconds.
                    
      Regenerating: 1 file(s) changed at 2026-01-28 21:10:41
                    jekyll.log
                    ...done in 1.748976871 seconds.
                    
      Regenerating: 1 file(s) changed at 2026-01-28 21:10:43
                    jekyll.log
                    ...done in 2.006329506 seconds.
                    
      Regenerating: 1 file(s) changed at 2026-01-28 21:10:45
                    jekyll.log
                    ...done in 1.799623492 seconds.
                    
      Regenerating: 1 file(s) changed at 2026-01-28 21:10:47
                    jekyll.log
                    ...done in 1.879689878 seconds.
                    
      Regenerating: 1 file(s) changed at 2026-01-28 21:10:49
                    jekyll.log
                    ...done in 1.8874674 seconds.
                    
      Regenerating: 1 file(s) changed at 2026-01-28 21:10:51
                    jekyll.log
                    ...done in 1.898017017 seconds.
                    
      Regenerating: 1 file(s) changed at 2026-01-28 21:10:53
                    jekyll.log
                    ...done in 1.808321658 seconds.
                    
      Regenerating: 1 file(s) changed at 2026-01-28 21:10:55
                    jekyll.log
                    ...done in 1.749987408 seconds.
                    
      Regenerating: 1 file(s) changed at 2026-01-28 21:10:57
                    jekyll.log
                    ...done in 1.930168142 seconds.
                    
      Regenerating: 1 file(s) changed at 2026-01-28 21:10:59
                    jekyll.log
                    ...done in 1.724352137 seconds.
                    
      Regenerating: 1 file(s) changed at 2026-01-28 21:11:01
                    jekyll.log
                    ...done in 1.761320222 seconds.
                    
      Regenerating: 1 file(s) changed at 2026-01-28 21:11:03
                    jekyll.log
                    ...done in 1.79028179 seconds.
                    
      Regenerating: 1 file(s) changed at 2026-01-28 21:11:05
                    jekyll.log
                    ...done in 1.737691861 seconds.
                    
      Regenerating: 1 file(s) changed at 2026-01-28 21:11:06
                    jekyll.log
                    ...done in 1.809346159 seconds.
                    
      Regenerating: 1 file(s) changed at 2026-01-28 21:11:08
                    jekyll.log
                    ...done in 1.668643958 seconds.
                    
      Regenerating: 1 file(s) changed at 2026-01-28 21:11:10
                    jekyll.log
                    ...done in 1.758828536 seconds.
                    
      Regenerating: 1 file(s) changed at 2026-01-28 21:11:12
                    jekyll.log
                    ...done in 1.748632942 seconds.
                    
      Regenerating: 1 file(s) changed at 2026-01-28 21:11:14
                    jekyll.log
                    ...done in 1.845872148 seconds.
                    
      Regenerating: 1 file(s) changed at 2026-01-28 21:11:16
                    jekyll.log
                    ...done in 1.896931015 seconds.
                    
      Regenerating: 1 file(s) changed at 2026-01-28 21:11:18
                    jekyll.log
                    ...done in 1.767011577 seconds.
                    
      Regenerating: 1 file(s) changed at 2026-01-28 21:11:20
                    jekyll.log
                    ...done in 1.830051416 seconds.
                    
      Regenerating: 1 file(s) changed at 2026-01-28 21:11:21
                    jekyll.log
                    ...done in 1.781320637 seconds.
                    
      Regenerating: 1 file(s) changed at 2026-01-28 21:11:23
                    jekyll.log
                    ...done in 1.830983486 seconds.
                    
      Regenerating: 1 file(s) changed at 2026-01-28 21:11:25
                    jekyll.log
                    ...done in 1.897796318 seconds.
                    
      Regenerating: 1 file(s) changed at 2026-01-28 21:11:27
                    jekyll.log
                    ...done in 1.771526443 seconds.
                    
      Regenerating: 1 file(s) changed at 2026-01-28 21:11:29
                    jekyll.log
                    ...done in 1.847037126 seconds.
                    
      Regenerating: 1 file(s) changed at 2026-01-28 21:11:31
                    jekyll.log
                    ...done in 1.780741562 seconds.
                    
      Regenerating: 1 file(s) changed at 2026-01-28 21:11:33
                    jekyll.log
                    ...done in 1.729876203 seconds.
                    
      Regenerating: 1 file(s) changed at 2026-01-28 21:11:35
                    jekyll.log
                    ...done in 1.70377999 seconds.
                    
      Regenerating: 1 file(s) changed at 2026-01-28 21:11:37
                    jekyll.log
                    ...done in 1.855049108 seconds.
                    
      Regenerating: 1 file(s) changed at 2026-01-28 21:11:39
                    jekyll.log
                    ...done in 1.648551035 seconds.
                    
      Regenerating: 1 file(s) changed at 2026-01-28 21:11:40
                    jekyll.log
                    ...done in 1.833598697 seconds.
                    
      Regenerating: 1 file(s) changed at 2026-01-28 21:11:42
                    jekyll.log
                    ...done in 1.80406332 seconds.
                    
      Regenerating: 1 file(s) changed at 2026-01-28 21:11:44
                    jekyll.log
                    ...done in 1.700350305 seconds.
                    
      Regenerating: 1 file(s) changed at 2026-01-28 21:11:46
                    jekyll.log
                    ...done in 1.643071404 seconds.
                    
      Regenerating: 1 file(s) changed at 2026-01-28 21:11:48
                    jekyll.log
                    ...done in 1.504586043 seconds.
                    
      Regenerating: 1 file(s) changed at 2026-01-28 21:11:49
                    jekyll.log
                    ...done in 1.535265209 seconds.
                    
      Regenerating: 1 file(s) changed at 2026-01-28 21:11:51
                    jekyll.log
                    ...done in 1.624718842 seconds.
                    
      Regenerating: 1 file(s) changed at 2026-01-28 21:11:53
                    jekyll.log
                    ...done in 1.578532216 seconds.
                    
      Regenerating: 1 file(s) changed at 2026-01-28 21:11:54
                    jekyll.log
                    ...done in 1.560525415 seconds.
                    
      Regenerating: 1 file(s) changed at 2026-01-28 21:11:56
                    jekyll.log
                    ...done in 1.630551254 seconds.
                    
      Regenerating: 1 file(s) changed at 2026-01-28 21:11:58
                    jekyll.log
                    ...done in 1.623899449 seconds.
                    
      Regenerating: 1 file(s) changed at 2026-01-28 21:11:59
                    jekyll.log
                    ...done in 1.607069991 seconds.
                    
      Regenerating: 1 file(s) changed at 2026-01-28 21:12:01
                    jekyll.log
                    ...done in 1.665443213 seconds.
                    
      Regenerating: 1 file(s) changed at 2026-01-28 21:12:03
                    jekyll.log
                    ...done in 1.576263164 seconds.
                    
      Regenerating: 1 file(s) changed at 2026-01-28 21:12:05
                    jekyll.log
                    ...done in 1.610396334 seconds.
                    
      Regenerating: 1 file(s) changed at 2026-01-28 21:12:06
                    jekyll.log
                    ...done in 1.553633663 seconds.
                    
      Regenerating: 1 file(s) changed at 2026-01-28 21:12:08
                    jekyll.log
                    ...done in 1.577545928 seconds.
                    
      Regenerating: 1 file(s) changed at 2026-01-28 21:12:10
                    jekyll.log
                    ...done in 1.61304662 seconds.
                    
      Regenerating: 1 file(s) changed at 2026-01-28 21:12:11
                    jekyll.log
                    ...done in 1.602536244 seconds.
                    
      Regenerating: 1 file(s) changed at 2026-01-28 21:12:13
                    jekyll.log
                    ...done in 1.757246185 seconds.
                    
      Regenerating: 1 file(s) changed at 2026-01-28 21:12:15
                    jekyll.log
                    ...done in 1.798911372 seconds.
                    
      Regenerating: 1 file(s) changed at 2026-01-28 21:12:17
                    jekyll.log
                    ...done in 1.699836894 seconds.
                    
      Regenerating: 1 file(s) changed at 2026-01-28 21:12:19
                    jekyll.log
                    ...done in 1.661377654 seconds.
                    
      Regenerating: 1 file(s) changed at 2026-01-28 21:12:20
                    jekyll.log
                    ...done in 1.592522428 seconds.
                    
      Regenerating: 1 file(s) changed at 2026-01-28 21:12:22
                    jekyll.log
                    ...done in 1.675385507 seconds.
                    
      Regenerating: 1 file(s) changed at 2026-01-28 21:12:24
                    jekyll.log
                    ...done in 1.842429099 seconds.
                    
      Regenerating: 1 file(s) changed at 2026-01-28 21:12:26
                    jekyll.log
                    ...done in 1.666009962 seconds.
                    
      Regenerating: 1 file(s) changed at 2026-01-28 21:12:28
                    jekyll.log
                    ...done in 1.648797354 seconds.
                    
      Regenerating: 1 file(s) changed at 2026-01-28 21:12:29
                    jekyll.log
                    ...done in 1.694524612 seconds.
                    
      Regenerating: 1 file(s) changed at 2026-01-28 21:12:31
                    jekyll.log
                    ...done in 1.680641327 seconds.
                    
      Regenerating: 1 file(s) changed at 2026-01-28 21:12:33
                    jekyll.log
                    ...done in 1.676864909 seconds.
                    
      Regenerating: 1 file(s) changed at 2026-01-28 21:12:35
                    jekyll.log
                    ...done in 1.556361599 seconds.
                    
      Regenerating: 1 file(s) changed at 2026-01-28 21:12:36
                    jekyll.log
                    ...done in 1.561278564 seconds.
                    
      Regenerating: 1 file(s) changed at 2026-01-28 21:12:38
                    jekyll.log
                    ...done in 1.620755353 seconds.
                    
      Regenerating: 1 file(s) changed at 2026-01-28 21:12:40
                    jekyll.log
                    ...done in 1.666150074 seconds.
                    
      Regenerating: 1 file(s) changed at 2026-01-28 21:12:42
                    jekyll.log
                    ...done in 1.681349301 seconds.
                    
      Regenerating: 1 file(s) changed at 2026-01-28 21:12:43
                    jekyll.log
                    ...done in 1.722363565 seconds.
                    
      Regenerating: 1 file(s) changed at 2026-01-28 21:12:45
                    jekyll.log
                    ...done in 1.785586533 seconds.
                    
      Regenerating: 1 file(s) changed at 2026-01-28 21:12:47
                    jekyll.log
                    ...done in 1.583800688 seconds.
                    
      Regenerating: 1 file(s) changed at 2026-01-28 21:12:49
                    jekyll.log
                    ...done in 1.600646631 seconds.
                    
      Regenerating: 1 file(s) changed at 2026-01-28 21:12:50
                    jekyll.log
                    ...done in 1.631682881 seconds.
                    
      Regenerating: 1 file(s) changed at 2026-01-28 21:12:52
                    jekyll.log
                    ...done in 1.604843221 seconds.
                    
      Regenerating: 1 file(s) changed at 2026-01-28 21:12:54
                    jekyll.log
                    ...done in 1.658126203 seconds.
                    
      Regenerating: 1 file(s) changed at 2026-01-28 21:12:56
                    jekyll.log
                    ...done in 1.673784758 seconds.
                    
      Regenerating: 1 file(s) changed at 2026-01-28 21:12:57
                    jekyll.log
                    ...done in 1.640313159 seconds.
                    
      Regenerating: 1 file(s) changed at 2026-01-28 21:12:59
                    jekyll.log
                    ...done in 1.620667553 seconds.
                    
      Regenerating: 1 file(s) changed at 2026-01-28 21:13:01
                    jekyll.log
                    ...done in 1.67809495 seconds.
                    
      Regenerating: 1 file(s) changed at 2026-01-28 21:13:03
                    jekyll.log
                    ...done in 1.686398303 seconds.
                    
      Regenerating: 1 file(s) changed at 2026-01-28 21:13:04
                    jekyll.log
                    ...done in 1.734545511 seconds.
                    
      Regenerating: 1 file(s) changed at 2026-01-28 21:13:06
                    jekyll.log
                    ...done in 1.623926107 seconds.
                    
      Regenerating: 1 file(s) changed at 2026-01-28 21:13:08
                    jekyll.log
                    ...done in 1.557336068 seconds.
                    
      Regenerating: 1 file(s) changed at 2026-01-28 21:13:10
                    jekyll.log
                    ...done in 1.630565117 seconds.
                    
      Regenerating: 1 file(s) changed at 2026-01-28 21:13:11
                    jekyll.log
                    ...done in 1.651508977 seconds.
                    
      Regenerating: 1 file(s) changed at 2026-01-28 21:13:13
                    jekyll.log
                    ...done in 1.651276142 seconds.
                    
      Regenerating: 1 file(s) changed at 2026-01-28 21:13:15
                    jekyll.log
                    ...done in 1.756430162 seconds.
                    
      Regenerating: 1 file(s) changed at 2026-01-28 21:13:17
                    jekyll.log
                    ...done in 1.708518601 seconds.
                    
      Regenerating: 1 file(s) changed at 2026-01-28 21:13:19
                    jekyll.log
                    ...done in 1.598985492 seconds.
                    
      Regenerating: 1 file(s) changed at 2026-01-28 21:13:20
                    jekyll.log
                    ...done in 1.563134419 seconds.
                    
      Regenerating: 1 file(s) changed at 2026-01-28 21:13:22
                    jekyll.log
                    ...done in 1.723265925 seconds.
                    
      Regenerating: 1 file(s) changed at 2026-01-28 21:13:24
                    jekyll.log
                    ...done in 1.709245562 seconds.
                    
      Regenerating: 1 file(s) changed at 2026-01-28 21:13:26
                    jekyll.log
                    ...done in 1.772588119 seconds.
                    
      Regenerating: 1 file(s) changed at 2026-01-28 21:13:27
                    jekyll.log
                    ...done in 1.745210103 seconds.
                    
      Regenerating: 1 file(s) changed at 2026-01-28 21:13:29
                    jekyll.log
                    ...done in 1.842519065 seconds.
                    
      Regenerating: 1 file(s) changed at 2026-01-28 21:13:31
                    jekyll.log
                    ...done in 1.741466165 seconds.
                    
      Regenerating: 1 file(s) changed at 2026-01-28 21:13:33
                    jekyll.log
                    ...done in 1.684488204 seconds.
                    
      Regenerating: 1 file(s) changed at 2026-01-28 21:13:35
                    jekyll.log
                    ...done in 1.803026841 seconds.
                    
      Regenerating: 2 file(s) changed at 2026-01-28 21:13:37
                    jekyll.log
                    index.md
                    ...done in 1.868085305 seconds.
                    
      Regenerating: 1 file(s) changed at 2026-01-28 21:13:39
                    jekyll.log
                    ...done in 1.760797093 seconds.
                    
      Regenerating: 1 file(s) changed at 2026-01-28 21:13:41
                    jekyll.log
